::1 - - [09/Feb/2017:13:10:16 +0800] "GET / HTTP/1.1" 200 28478
::1 - - [09/Feb/2017:13:10:16 +0800] "GET /apachehaus.ico HTTP/1.1" 200 4286
::1 - - [09/Feb/2017:13:10:23 +0800] "GET /l.php HTTP/1.1" 403 214
::1 - - [09/Feb/2017:13:11:16 +0800] "GET /l.php HTTP/1.1" 403 214
::1 - - [09/Feb/2017:13:11:24 +0800] "GET /l.php HTTP/1.1" 403 214
::1 - - [09/Feb/2017:13:11:25 +0800] "GET /l.php HTTP/1.1" 403 214
::1 - - [09/Feb/2017:13:11:29 +0800] "GET /l.php HTTP/1.1" 403 214
::1 - - [09/Feb/2017:13:11:30 +0800] "GET /l.php HTTP/1.1" 403 214
::1 - - [09/Feb/2017:13:11:30 +0800] "GET /l.php HTTP/1.1" 403 214
::1 - - [09/Feb/2017:13:11:31 +0800] "GET /l.php HTTP/1.1" 403 214
::1 - - [09/Feb/2017:13:11:31 +0800] "GET /l.php HTTP/1.1" 403 214
::1 - - [09/Feb/2017:13:11:31 +0800] "GET /l.php HTTP/1.1" 403 214
::1 - - [09/Feb/2017:13:11:31 +0800] "GET /l.php HTTP/1.1" 403 214
::1 - - [09/Feb/2017:13:11:31 +0800] "GET /l.php HTTP/1.1" 403 214
::1 - - [09/Feb/2017:13:11:32 +0800] "GET /l.php HTTP/1.1" 403 214
::1 - - [09/Feb/2017:13:11:32 +0800] "GET /l.php HTTP/1.1" 403 214
::1 - - [09/Feb/2017:13:11:32 +0800] "GET /l.php HTTP/1.1" 403 214
::1 - - [09/Feb/2017:13:11:32 +0800] "GET /l.php HTTP/1.1" 403 214
::1 - - [09/Feb/2017:13:11:32 +0800] "GET /l.php HTTP/1.1" 403 214
::1 - - [09/Feb/2017:13:11:32 +0800] "GET /l.php HTTP/1.1" 403 214
::1 - - [09/Feb/2017:13:11:32 +0800] "GET /l.php HTTP/1.1" 403 214
::1 - - [09/Feb/2017:13:11:32 +0800] "GET /l.php HTTP/1.1" 403 214
::1 - - [09/Feb/2017:13:11:32 +0800] "GET /l.php HTTP/1.1" 403 214
::1 - - [09/Feb/2017:13:11:32 +0800] "GET /l.php HTTP/1.1" 403 214
::1 - - [09/Feb/2017:13:11:32 +0800] "GET /l.php HTTP/1.1" 403 214
::1 - - [09/Feb/2017:13:11:32 +0800] "GET /l.php HTTP/1.1" 403 214
::1 - - [09/Feb/2017:13:11:32 +0800] "GET /l.php HTTP/1.1" 403 214
::1 - - [09/Feb/2017:13:11:32 +0800] "GET /l.php HTTP/1.1" 403 214
::1 - - [09/Feb/2017:13:11:32 +0800] "GET /l.php HTTP/1.1" 403 214
::1 - - [09/Feb/2017:13:13:13 +0800] "GET /l.php HTTP/1.1" 403 214
::1 - - [09/Feb/2017:13:13:28 +0800] "GET /l.php HTTP/1.1" 200 13694
::1 - - [09/Feb/2017:13:13:31 +0800] "GET /favicon.ico HTTP/1.1" 404 209
::1 - - [09/Feb/2017:13:14:19 +0800] "GET /l.php HTTP/1.1" 200 13694
::1 - - [09/Feb/2017:13:14:19 +0800] "GET /favicon.ico HTTP/1.1" 404 209
::1 - - [09/Feb/2017:13:14:19 +0800] "GET /l.php HTTP/1.1" 200 13694
::1 - - [09/Feb/2017:13:14:20 +0800] "GET /l.php HTTP/1.1" 200 13694
::1 - - [09/Feb/2017:13:14:29 +0800] "GET /%E8%B6%85/l.php HTTP/1.1" 404 207
::1 - - [09/Feb/2017:13:14:44 +0800] "GET /phpinfo.php HTTP/1.1" 200 81814
::1 - - [09/Feb/2017:13:26:03 +0800] "GET / HTTP/1.1" 302 -
::1 - - [09/Feb/2017:13:26:03 +0800] "GET /admin/index/login.html HTTP/1.1" 200 7483
::1 - - [09/Feb/2017:13:26:03 +0800] "GET /static/plugins/jquery-ui/themes/base/minified/jquery-ui.min.css HTTP/1.1" 200 25697
::1 - - [09/Feb/2017:13:26:03 +0800] "GET /static/plugins/pace/pace.min.js HTTP/1.1" 200 12331
::1 - - [09/Feb/2017:13:26:03 +0800] "GET /static/js/jquery-1.9.1.min.js HTTP/1.1" 200 92629
::1 - - [09/Feb/2017:13:26:03 +0800] "GET /static/js/jquery-migrate-1.1.0.min.js HTTP/1.1" 200 6968
::1 - - [09/Feb/2017:13:26:03 +0800] "GET /static/plugins/jquery-ui/ui/minified/jquery-ui.min.js HTTP/1.1" 200 228478
::1 - - [09/Feb/2017:13:26:03 +0800] "GET /static/plugins/zui/js/zui.lite.min.js HTTP/1.1" 200 42651
::1 - - [09/Feb/2017:13:26:03 +0800] "GET /static/admin/js/crossbrowserjs/html5shiv.js HTTP/1.1" 200 2376
::1 - - [09/Feb/2017:13:26:03 +0800] "GET /static/admin/js/crossbrowserjs/respond.min.js HTTP/1.1" 200 4055
::1 - - [09/Feb/2017:13:26:03 +0800] "GET /static/admin/js/crossbrowserjs/excanvas.min.js HTTP/1.1" 200 19415
::1 - - [09/Feb/2017:13:26:03 +0800] "GET /static/plugins/jquery-hashchange/jquery.hashchange.min.js HTTP/1.1" 200 1526
::1 - - [09/Feb/2017:13:26:03 +0800] "GET /static/plugins/slimscroll/jquery.slimscroll.min.js HTTP/1.1" 200 4724
::1 - - [09/Feb/2017:13:26:03 +0800] "GET /static/plugins/jquery-cookie/jquery.cookie.js HTTP/1.1" 200 2319
::1 - - [09/Feb/2017:13:26:03 +0800] "GET /static/plugins/zui/js/messager/messager.js HTTP/1.1" 200 10591
::1 - - [09/Feb/2017:13:26:03 +0800] "GET /static/js/jquery.pjax.js HTTP/1.1" 200 10513
::1 - - [09/Feb/2017:13:26:03 +0800] "GET /static/admin/js/common.js HTTP/1.1" 200 45454
::1 - - [09/Feb/2017:13:26:03 +0800] "GET /static/admin/js/login-v2.demo.min.js HTTP/1.1" 200 760
::1 - - [09/Feb/2017:13:26:03 +0800] "GET /static/admin/js/apps.js HTTP/1.1" 200 35414
::1 - - [09/Feb/2017:13:26:03 +0800] "GET /static/plugins/font-awesome/css/font-awesome.min.css HTTP/1.1" 200 31000
::1 - - [09/Feb/2017:13:26:03 +0800] "GET /static/admin/css/style.css HTTP/1.1" 200 167188
::1 - - [09/Feb/2017:13:26:03 +0800] "GET /static/plugins/zui/css/zui.css HTTP/1.1" 200 175674
::1 - - [09/Feb/2017:13:26:03 +0800] "GET /static/admin/css/extra.css HTTP/1.1" 200 13155
::1 - - [09/Feb/2017:13:26:03 +0800] "GET /static/plugins/bootstrap/css/bootstrap.min.css HTTP/1.1" 200 121200
::1 - - [09/Feb/2017:13:26:03 +0800] "GET /static/admin/css/animate.min.css HTTP/1.1" 200 47612
::1 - - [09/Feb/2017:13:26:03 +0800] "GET /static/admin/css/style-responsive.min.css HTTP/1.1" 200 16620
::1 - - [09/Feb/2017:13:26:03 +0800] "GET /static/plugins/zui/js/messager/messager.css HTTP/1.1" 200 2500
::1 - - [09/Feb/2017:13:26:03 +0800] "GET /static/admin/css/theme/default.css HTTP/1.1" 200 3586
::1 - - [09/Feb/2017:13:26:03 +0800] "GET /static/plugins/bootstrap/fonts/glyphicons-halflings-regular.eot? HTTP/1.1" 200 20127
::1 - - [09/Feb/2017:13:26:03 +0800] "GET /static/plugins/font-awesome/fonts/fontawesome-webfont.eot? HTTP/1.1" 200 165742
::1 - - [09/Feb/2017:13:26:03 +0800] "GET /static/plugins/zui/fonts/zenicon.eot? HTTP/1.1" 200 80972
::1 - - [09/Feb/2017:13:26:03 +0800] "GET /static/admin/img/login-bg/bg-1.jpg HTTP/1.1" 200 6797391
::1 - - [09/Feb/2017:13:26:03 +0800] "GET /static/admin/img/login_logo.png HTTP/1.1" 200 2513
::1 - - [09/Feb/2017:13:26:03 +0800] "GET /static/admin/img/login-bg/bg-2.jpg HTTP/1.1" 200 5114933
::1 - - [09/Feb/2017:13:26:03 +0800] "GET /static/admin/img/login-bg/bg-3.jpg HTTP/1.1" 200 7289640
::1 - - [09/Feb/2017:13:26:03 +0800] "GET /static/admin/img/login-bg/bg-4.jpg HTTP/1.1" 200 944915
::1 - - [09/Feb/2017:13:26:03 +0800] "GET /static/admin/img/login-bg/bg-5.jpg HTTP/1.1" 200 194037
::1 - - [09/Feb/2017:13:26:03 +0800] "GET /static/admin/img/login-bg/bg-6.jpg HTTP/1.1" 200 209553
::1 - - [09/Feb/2017:13:26:05 +0800] "GET / HTTP/1.1" 302 -
::1 - - [09/Feb/2017:13:26:05 +0800] "GET /admin/index/login.html HTTP/1.1" 200 7483
::1 - - [09/Feb/2017:13:26:06 +0800] "GET /static/plugins/jquery-ui/themes/base/minified/jquery-ui.min.css HTTP/1.1" 200 25697
::1 - - [09/Feb/2017:13:26:06 +0800] "GET /static/plugins/bootstrap/css/bootstrap.min.css HTTP/1.1" 200 121200
::1 - - [09/Feb/2017:13:26:06 +0800] "GET /static/plugins/font-awesome/css/font-awesome.min.css HTTP/1.1" 200 31000
::1 - - [09/Feb/2017:13:26:06 +0800] "GET /static/admin/css/animate.min.css HTTP/1.1" 200 47612
::1 - - [09/Feb/2017:13:26:06 +0800] "GET /static/admin/css/style.css HTTP/1.1" 200 167188
::1 - - [09/Feb/2017:13:26:06 +0800] "GET /static/admin/css/style-responsive.min.css HTTP/1.1" 200 16620
::1 - - [09/Feb/2017:13:26:06 +0800] "GET /static/plugins/pace/pace.min.js HTTP/1.1" 200 12331
::1 - - [09/Feb/2017:13:26:06 +0800] "GET /static/js/jquery-1.9.1.min.js HTTP/1.1" 200 92629
::1 - - [09/Feb/2017:13:26:06 +0800] "GET /static/js/jquery-migrate-1.1.0.min.js HTTP/1.1" 200 6968
::1 - - [09/Feb/2017:13:26:06 +0800] "GET /static/plugins/jquery-ui/ui/minified/jquery-ui.min.js HTTP/1.1" 200 228478
::1 - - [09/Feb/2017:13:26:06 +0800] "GET /static/plugins/zui/js/zui.lite.min.js HTTP/1.1" 200 42651
::1 - - [09/Feb/2017:13:26:06 +0800] "GET /static/plugins/jquery-hashchange/jquery.hashchange.min.js HTTP/1.1" 200 1526
::1 - - [09/Feb/2017:13:26:06 +0800] "GET /static/plugins/slimscroll/jquery.slimscroll.min.js HTTP/1.1" 200 4724
::1 - - [09/Feb/2017:13:26:06 +0800] "GET /static/plugins/jquery-cookie/jquery.cookie.js HTTP/1.1" 200 2319
::1 - - [09/Feb/2017:13:26:06 +0800] "GET /static/plugins/zui/js/messager/messager.js HTTP/1.1" 200 10591
::1 - - [09/Feb/2017:13:26:06 +0800] "GET /static/js/jquery.pjax.js HTTP/1.1" 200 10513
::1 - - [09/Feb/2017:13:26:06 +0800] "GET /static/admin/js/common.js HTTP/1.1" 200 45454
::1 - - [09/Feb/2017:13:26:06 +0800] "GET /static/admin/js/login-v2.demo.min.js HTTP/1.1" 200 760
::1 - - [09/Feb/2017:13:26:06 +0800] "GET /static/admin/js/apps.js HTTP/1.1" 200 35414
::1 - - [09/Feb/2017:13:26:06 +0800] "GET /static/admin/img/login-bg/bg-1.jpg HTTP/1.1" 200 6797391
::1 - - [09/Feb/2017:13:26:06 +0800] "GET /static/admin/img/login_logo.png HTTP/1.1" 200 2513
::1 - - [09/Feb/2017:13:26:06 +0800] "GET /static/admin/img/login-bg/bg-2.jpg HTTP/1.1" 200 5114933
::1 - - [09/Feb/2017:13:26:06 +0800] "GET /static/admin/img/login-bg/bg-3.jpg HTTP/1.1" 200 7289640
::1 - - [09/Feb/2017:13:26:06 +0800] "GET /static/admin/img/login-bg/bg-4.jpg HTTP/1.1" 200 944915
::1 - - [09/Feb/2017:13:26:07 +0800] "GET /static/plugins/zui/css/zui.css HTTP/1.1" 200 175674
::1 - - [09/Feb/2017:13:26:07 +0800] "GET /static/plugins/zui/js/messager/messager.css HTTP/1.1" 200 2500
::1 - - [09/Feb/2017:13:26:07 +0800] "GET /static/admin/css/extra.css HTTP/1.1" 200 13155
::1 - - [09/Feb/2017:13:26:07 +0800] "GET /static/admin/img/login-bg/bg-5.jpg HTTP/1.1" 200 194037
::1 - - [09/Feb/2017:13:26:08 +0800] "GET /static/admin/img/login-bg/bg-6.jpg HTTP/1.1" 200 209553
::1 - - [09/Feb/2017:13:26:09 +0800] "GET /static/admin/css/theme/default.css HTTP/1.1" 200 3586
::1 - - [09/Feb/2017:13:26:10 +0800] "GET /favicon.ico HTTP/1.1" 200 1150
::1 - - [09/Feb/2017:13:26:23 +0800] "GET /static/admin/img/login-bg/bg-3.jpg HTTP/1.1" 304 -
::1 - - [09/Feb/2017:13:26:26 +0800] "GET /admin/index/login/aaa/%E8%B6%85.html HTTP/1.1" 200 7483
::1 - - [09/Feb/2017:13:26:33 +0800] "GET /admin/index/login/aaa/%E8%B6%85.html HTTP/1.1" 200 7483
::1 - - [09/Feb/2017:13:26:46 +0800] "GET /favicon.ico HTTP/1.1" 200 1150
::1 - - [09/Feb/2017:13:26:49 +0800] "GET /admin/index/login/aaa/%E8%B6%85.html HTTP/1.1" 200 7483
::1 - - [09/Feb/2017:13:37:40 +0800] "GET /admin/index/login/aaa/%E8%B6%85.html HTTP/1.1" 200 7483
