[Thu Feb 09 13:08:09.579660 2017] [ssl:warn] [pid 1212:tid 164] AH01909: localhost:443:0 server certificate does NOT include an ID which matches the server name
[Thu Feb 09 13:08:09.626460 2017] [ssl:warn] [pid 1212:tid 164] AH01909: localhost:443:0 server certificate does NOT include an ID which matches the server name
[Thu Feb 09 13:08:09.642060 2017] [mpm_winnt:notice] [pid 1212:tid 164] AH00455: Apache/2.4.25 (Win64) OpenSSL/1.0.2k mod_fcgid/2.3.9 configured -- resuming normal operations
[Thu Feb 09 13:08:09.642060 2017] [mpm_winnt:notice] [pid 1212:tid 164] AH00456: Server built: Dec 17 2016 00:28:36
[Thu Feb 09 13:08:09.642060 2017] [core:notice] [pid 1212:tid 164] AH00094: Command line: 'httpd.exe -d C:/www/tools/Apache24'
[Thu Feb 09 13:08:09.642060 2017] [mpm_winnt:notice] [pid 1212:tid 164] AH00418: Parent: Created child process 1824
Apache server interrupted...
017] [ssl:warn] [pid 1824:tid 176] AH01909: localhost:443:0 server certificate does NOT include an ID which matches the server name
[Thu Feb 09 13:08:09.829260 2017] [ssl:warn] [pid 1824:tid 176] AH01909: localhost:443:0 server certificate does NOT include an ID which matches the server name
[Thu Feb 09 13:08:09.844860 2017] [mpm_winnt:notice] [pid 1824:tid 176] AH00354: Child: Starting 64 worker threads.
[Thu Feb 09 13:13:14.887796 2017] [mpm_winnt:notice] [pid 1212:tid 164] AH00422: Parent: Received shutdown signal -- Shutting down the server.
Apache server interrupted...
Apache server interrupted...
Apache server interrupted...
Apache server interrupted...
Apache server interrupted...
Apache server interrupted...
Apache server interrupted...
Apache server interrupted...
Apache server interrupted...
[Thu Feb 09 13:13:21.065407 2017] [mpm_winnt:notice] [pid 1824:tid 176] AH00364: Child: All worker threads have exited.
[Thu Feb 09 13:13:21.221407 2017] [mpm_winnt:notice] [pid 1212:tid 164] AH00430: Parent: Child process 1824 exited successfully.
[Thu Feb 09 13:13:27.165018 2017] [ssl:warn] [pid 2472:tid 168] AH01909: localhost:443:0 server certificate does NOT include an ID which matches the server name
[Thu Feb 09 13:13:27.211818 2017] [ssl:warn] [pid 2472:tid 168] AH01909: localhost:443:0 server certificate does NOT include an ID which matches the server name
[Thu Feb 09 13:13:27.227418 2017] [mpm_winnt:notice] [pid 2472:tid 168] AH00455: Apache/2.4.25 (Win64) OpenSSL/1.0.2k mod_fcgid/2.3.9 configured -- resuming normal operations
[Thu Feb 09 13:13:27.227418 2017] [mpm_winnt:notice] [pid 2472:tid 168] AH00456: Server built: Dec 17 2016 00:28:36
[Thu Feb 09 13:13:27.227418 2017] [core:notice] [pid 2472:tid 168] AH00094: Command line: 'httpd.exe -d C:/www/tools/Apache24'
[Thu Feb 09 13:13:27.227418 2017] [mpm_winnt:notice] [pid 2472:tid 168] AH00418: Parent: Created child process 2420
Apache server interrupted...
017] [ssl:warn] [pid 2420:tid 180] AH01909: localhost:443:0 server certificate does NOT include an ID which matches the server name
[Thu Feb 09 13:13:27.414618 2017] [ssl:warn] [pid 2420:tid 180] AH01909: localhost:443:0 server certificate does NOT include an ID which matches the server name
[Thu Feb 09 13:13:27.414618 2017] [mpm_winnt:notice] [pid 2420:tid 180] AH00354: Child: Starting 64 worker threads.
[Thu Feb 09 13:14:44.244753 2017] [fcgid:warn] [pid 2420:tid 868] [client ::1:49176] mod_fcgid: stderr: PHP Warning:  phpinfo(): It is not safe to rely on the system's timezone settings. You are *required* to use the date.timezone setting or the date_default_timezone_set() function. In case you used any of those methods and you are still getting this warning, you most likely misspelled the timezone identifier. We selected the timezone 'UTC' for now, but please set date.timezone to select your timezone. in C:\\www\\tools\\Apache24\\htdocs\\phpinfo.php on line 2
[Thu Feb 09 13:19:12.471624 2017] [mpm_winnt:notice] [pid 2472:tid 168] AH00422: Parent: Received shutdown signal -- Shutting down the server.
Apache server interrupted...
Apache server interrupted...
Apache server interrupted...
Apache server interrupted...
Apache server interrupted...
[Thu Feb 09 13:19:14.499628 2017] [mpm_winnt:notice] [pid 2420:tid 180] AH00364: Child: All worker threads have exited.
[Thu Feb 09 13:19:23.001643 2017] [fcgid:error] [pid 2420:tid 308] FastCGI process 2884 still did not exit, terminating forcefully
[Thu Feb 09 13:19:24.015644 2017] [mpm_winnt:notice] [pid 2472:tid 168] AH00430: Parent: Child process 2420 exited successfully.
[Thu Feb 09 13:19:26.948450 2017] [ssl:warn] [pid 1416:tid 168] AH01909: localhost:443:0 server certificate does NOT include an ID which matches the server name
[Thu Feb 09 13:19:27.026450 2017] [ssl:warn] [pid 1416:tid 168] AH01909: localhost:443:0 server certificate does NOT include an ID which matches the server name
[Thu Feb 09 13:19:27.026450 2017] [mpm_winnt:notice] [pid 1416:tid 168] AH00455: Apache/2.4.25 (Win64) OpenSSL/1.0.2k mod_fcgid/2.3.9 configured -- resuming normal operations
[Thu Feb 09 13:19:27.026450 2017] [mpm_winnt:notice] [pid 1416:tid 168] AH00456: Server built: Dec 17 2016 00:28:36
[Thu Feb 09 13:19:27.026450 2017] [core:notice] [pid 1416:tid 168] AH00094: Command line: 'httpd.exe -d C:/www/tools/Apache24'
[Thu Feb 09 13:19:27.026450 2017] [mpm_winnt:notice] [pid 1416:tid 168] AH00418: Parent: Created child process 488
Apache server interrupted...
017] [ssl:warn] [pid 488:tid 180] AH01909: localhost:443:0 server certificate does NOT include an ID which matches the server name
[Thu Feb 09 13:19:27.213650 2017] [ssl:warn] [pid 488:tid 180] AH01909: localhost:443:0 server certificate does NOT include an ID which matches the server name
[Thu Feb 09 13:19:27.213650 2017] [mpm_winnt:notice] [pid 488:tid 180] AH00354: Child: Starting 64 worker threads.
[Thu Feb 09 13:19:51.580893 2017] [mpm_winnt:notice] [pid 1416:tid 168] AH00422: Parent: Received shutdown signal -- Shutting down the server.
Apache server interrupted...
Apache server interrupted...
Apache server interrupted...
Apache server interrupted...
Apache server interrupted...
Apache server interrupted...
Apache server interrupted...
Apache server interrupted...
Apache server interrupted...
Apache server interrupted...
Apache server interrupted...
Apache server interrupted...
Apache server interrupted...
Apache server interrupted...
488:tid 180] AH00364: Child: All worker threads have exited.
[Thu Feb 09 13:19:54.607298 2017] [mpm_winnt:notice] [pid 1416:tid 168] AH00430: Parent: Child process 488 exited successfully.
[Thu Feb 09 13:23:07.657637 2017] [ssl:warn] [pid 2456:tid 168] AH01909: localhost:443:0 server certificate does NOT include an ID which matches the server name
[Thu Feb 09 13:23:07.704437 2017] [ssl:warn] [pid 2456:tid 168] AH01909: localhost:443:0 server certificate does NOT include an ID which matches the server name
[Thu Feb 09 13:23:07.704437 2017] [mpm_winnt:notice] [pid 2456:tid 168] AH00455: Apache/2.4.25 (Win64) OpenSSL/1.0.2k mod_fcgid/2.3.9 configured -- resuming normal operations
[Thu Feb 09 13:23:07.704437 2017] [mpm_winnt:notice] [pid 2456:tid 168] AH00456: Server built: Dec 17 2016 00:28:36
[Thu Feb 09 13:23:07.704437 2017] [core:notice] [pid 2456:tid 168] AH00094: Command line: 'httpd.exe -d C:/www/tools/Apache24'
[Thu Feb 09 13:23:07.704437 2017] [mpm_winnt:notice] [pid 2456:tid 168] AH00418: Parent: Created child process 2820
Apache server interrupted...
017] [ssl:warn] [pid 2820:tid 180] AH01909: localhost:443:0 server certificate does NOT include an ID which matches the server name
[Thu Feb 09 13:23:07.891638 2017] [ssl:warn] [pid 2820:tid 180] AH01909: localhost:443:0 server certificate does NOT include an ID which matches the server name
[Thu Feb 09 13:23:07.891638 2017] [mpm_winnt:notice] [pid 2820:tid 180] AH00354: Child: Starting 64 worker threads.
[Thu Feb 09 13:25:57.939708 2017] [mpm_winnt:notice] [pid 2456:tid 168] AH00422: Parent: Received shutdown signal -- Shutting down the server.
[Thu Feb 09 13:25:59.940822 2017] [mpm_winnt:notice] [pid 2820:tid 180] AH00364: Child: All worker threads have exited.
[Thu Feb 09 13:26:00.662863 2017] [mpm_winnt:notice] [pid 2456:tid 168] AH00430: Parent: Child process 2820 exited successfully.
[Thu Feb 09 13:26:02.455966 2017] [ssl:warn] [pid 1968:tid 176] AH01909: localhost:443:0 server certificate does NOT include an ID which matches the server name
[Thu Feb 09 13:26:02.505969 2017] [ssl:warn] [pid 1968:tid 176] AH01909: localhost:443:0 server certificate does NOT include an ID which matches the server name
[Thu Feb 09 13:26:02.505969 2017] [mpm_winnt:notice] [pid 1968:tid 176] AH00455: Apache/2.4.25 (Win64) OpenSSL/1.0.2k mod_fcgid/2.3.9 configured -- resuming normal operations
[Thu Feb 09 13:26:02.505969 2017] [mpm_winnt:notice] [pid 1968:tid 176] AH00456: Server built: Dec 17 2016 00:28:36
[Thu Feb 09 13:26:02.505969 2017] [core:notice] [pid 1968:tid 176] AH00094: Command line: 'httpd.exe -d C:/www/tools/Apache24'
[Thu Feb 09 13:26:02.506969 2017] [mpm_winnt:notice] [pid 1968:tid 176] AH00418: Parent: Created child process 432
Apache server interrupted...
017] [ssl:warn] [pid 432:tid 188] AH01909: localhost:443:0 server certificate does NOT include an ID which matches the server name
[Thu Feb 09 13:26:02.707980 2017] [ssl:warn] [pid 432:tid 188] AH01909: localhost:443:0 server certificate does NOT include an ID which matches the server name
[Thu Feb 09 13:26:02.708980 2017] [mpm_winnt:notice] [pid 432:tid 188] AH00354: Child: Starting 64 worker threads.
[Thu Feb 09 13:37:14.342396 2017] [mpm_winnt:notice] [pid 1968:tid 176] AH00422: Parent: Received shutdown signal -- Shutting down the server.
Apache server interrupted...
Apache server interrupted...
Apache server interrupted...
Apache server interrupted...
Apache server interrupted...
Apache server interrupted...
Apache server interrupted...
[Thu Feb 09 13:37:25.736047 2017] [mpm_winnt:notice] [pid 432:tid 188] AH00364: Child: All worker threads have exited.
[Thu Feb 09 13:37:34.439545 2017] [fcgid:error] [pid 432:tid 316] FastCGI process 3012 still did not exit, terminating forcefully
[Thu Feb 09 13:37:36.207646 2017] [mpm_winnt:notice] [pid 1968:tid 176] AH00430: Parent: Child process 432 exited successfully.
[Thu Feb 09 13:37:38.685788 2017] [ssl:warn] [pid 2096:tid 176] AH01909: localhost:443:0 server certificate does NOT include an ID which matches the server name
[Thu Feb 09 13:37:38.733791 2017] [ssl:warn] [pid 2096:tid 176] AH01909: localhost:443:0 server certificate does NOT include an ID which matches the server name
[Thu Feb 09 13:37:38.734791 2017] [mpm_winnt:notice] [pid 2096:tid 176] AH00455: Apache/2.4.25 (Win64) OpenSSL/1.0.2k mod_fcgid/2.3.9 configured -- resuming normal operations
[Thu Feb 09 13:37:38.734791 2017] [mpm_winnt:notice] [pid 2096:tid 176] AH00456: Server built: Dec 17 2016 00:28:36
[Thu Feb 09 13:37:38.734791 2017] [core:notice] [pid 2096:tid 176] AH00094: Command line: 'httpd.exe -d C:/www/tools/Apache24'
[Thu Feb 09 13:37:38.735791 2017] [mpm_winnt:notice] [pid 2096:tid 176] AH00418: Parent: Created child process 680
Apache server shutdown initiated...
sl:warn] [pid 680:tid 188] AH01909: localhost:443:0 server certificate does NOT include an ID which matches the server name
[Thu Feb 09 13:37:39.346826 2017] [ssl:warn] [pid 680:tid 188] AH01909: localhost:443:0 server certificate does NOT include an ID which matches the server name
[Thu Feb 09 13:37:39.348826 2017] [mpm_winnt:notice] [pid 680:tid 188] AH00354: Child: Starting 64 worker threads.
[Thu Feb 09 13:39:02.025481 2017] [mpm_winnt:notice] [pid 2096:tid 176] AH00422: Parent: Received shutdown signal -- Shutting down the server.
[Thu Feb 09 13:39:04.053485 2017] [mpm_winnt:notice] [pid 680:tid 188] AH00364: Child: All worker threads have exited.
[Thu Feb 09 13:39:12.900700 2017] [fcgid:error] [pid 680:tid 316] FastCGI process 2608 still did not exit, terminating forcefully
